<?xml version="1.0" encoding="UTF-8"?>
<robot generator="Robot 6.1.1 (Python 3.12.0 on win32)" generated="20231010 21:04:57.688" rpa="false" schemaversion="4">
<suite id="s1" name="RobotFramework" source="C:\Users\Hp\PycharmProjects\pythonProject\RobotFramework">
<suite id="s1-s1" name="Tests" source="C:\Users\Hp\PycharmProjects\pythonProject\RobotFramework\tests">
<suite id="s1-s1-s1" name="testDemo1" source="C:\Users\Hp\PycharmProjects\pythonProject\RobotFramework\tests\testDemo1.robot">
<test id="s1-s1-s1-t1" name="Validate Succesful Login" line="7">
<kw name="open the browser with the Mortgage payment url">
<msg timestamp="20231010 21:04:58.253" level="FAIL">User keyword cannot be empty.</msg>
<status status="FAIL" starttime="20231010 21:04:58.253" endtime="20231010 21:04:58.253"/>
</kw>
<status status="FAIL" starttime="20231010 21:04:58.252" endtime="20231010 21:04:58.253">User keyword cannot be empty.</status>
</test>
<doc>To validate the login form</doc>
<status status="FAIL" starttime="20231010 21:04:57.731" endtime="20231010 21:04:58.255"/>
</suite>
<status status="FAIL" starttime="20231010 21:04:57.727" endtime="20231010 21:04:58.257"/>
</suite>
<status status="FAIL" starttime="20231010 21:04:57.692" endtime="20231010 21:04:58.260"/>
</suite>
<statistics>
<total>
<stat pass="0" fail="1" skip="0">All Tests</stat>
</total>
<tag>
</tag>
<suite>
<stat pass="0" fail="1" skip="0" id="s1" name="RobotFramework">RobotFramework</stat>
<stat pass="0" fail="1" skip="0" id="s1-s1" name="Tests">RobotFramework.Tests</stat>
<stat pass="0" fail="1" skip="0" id="s1-s1-s1" name="testDemo1">RobotFramework.Tests.testDemo1</stat>
</suite>
</statistics>
<errors>
<msg timestamp="20231010 21:04:57.731" level="ERROR">Error in file 'C:\Users\Hp\PycharmProjects\pythonProject\RobotFramework\tests\testDemo1.robot' on line 15: Creating keyword 'open the browser with the Mortgage payment url' failed: User keyword cannot be empty.</msg>
<msg timestamp="20231010 21:04:57.733" level="ERROR">Error in file 'C:\Users\Hp\PycharmProjects\pythonProject\RobotFramework\tests\testDemo1.robot' on line 16: Creating keyword 'Fill the login form' failed: User keyword cannot be empty.</msg>
<msg timestamp="20231010 21:04:58.049" level="ERROR">Error in library 'SeleniumLibrary': Adding keyword 'Get WebElement' failed: Calling dynamic method 'get_keyword_arguments' failed: AttributeError: module 'inspect' has no attribute 'getargspec'</msg>
<msg timestamp="20231010 21:04:58.050" level="ERROR">Error in library 'SeleniumLibrary': Adding keyword 'Get WebElements' failed: Calling dynamic method 'get_keyword_arguments' failed: AttributeError: module 'inspect' has no attribute 'getargspec'</msg>
<msg timestamp="20231010 21:04:58.050" level="ERROR">Error in library 'SeleniumLibrary': Adding keyword 'add_cookie' failed: Calling dynamic method 'get_keyword_arguments' failed: AttributeError: module 'inspect' has no attribute 'getargspec'</msg>
<msg timestamp="20231010 21:04:58.051" level="ERROR">Error in library 'SeleniumLibrary': Adding keyword 'add_location_strategy' failed: Calling dynamic method 'get_keyword_arguments' failed: AttributeError: module 'inspect' has no attribute 'getargspec'</msg>
<msg timestamp="20231010 21:04:58.052" level="ERROR">Error in library 'SeleniumLibrary': Adding keyword 'alert_should_be_present' failed: Calling dynamic method 'get_keyword_arguments' failed: AttributeError: module 'inspect' has no attribute 'getargspec'</msg>
<msg timestamp="20231010 21:04:58.052" level="ERROR">Error in library 'SeleniumLibrary': Adding keyword 'alert_should_not_be_present' failed: Calling dynamic method 'get_keyword_arguments' failed: AttributeError: module 'inspect' has no attribute 'getargspec'</msg>
<msg timestamp="20231010 21:04:58.053" level="ERROR">Error in library 'SeleniumLibrary': Adding keyword 'assign_id_to_element' failed: Calling dynamic method 'get_keyword_arguments' failed: AttributeError: module 'inspect' has no attribute 'getargspec'</msg>
<msg timestamp="20231010 21:04:58.053" level="ERROR">Error in library 'SeleniumLibrary': Adding keyword 'capture_page_screenshot' failed: Calling dynamic method 'get_keyword_arguments' failed: AttributeError: module 'inspect' has no attribute 'getargspec'</msg>
<msg timestamp="20231010 21:04:58.054" level="ERROR">Error in library 'SeleniumLibrary': Adding keyword 'checkbox_should_be_selected' failed: Calling dynamic method 'get_keyword_arguments' failed: AttributeError: module 'inspect' has no attribute 'getargspec'</msg>
<msg timestamp="20231010 21:04:58.054" level="ERROR">Error in library 'SeleniumLibrary': Adding keyword 'checkbox_should_not_be_selected' failed: Calling dynamic method 'get_keyword_arguments' failed: AttributeError: module 'inspect' has no attribute 'getargspec'</msg>
<msg timestamp="20231010 21:04:58.055" level="ERROR">Error in library 'SeleniumLibrary': Adding keyword 'choose_cancel_on_next_confirmation' failed: Calling dynamic method 'get_keyword_arguments' failed: AttributeError: module 'inspect' has no attribute 'getargspec'</msg>
<msg timestamp="20231010 21:04:58.056" level="ERROR">Error in library 'SeleniumLibrary': Adding keyword 'choose_file' failed: Calling dynamic method 'get_keyword_arguments' failed: AttributeError: module 'inspect' has no attribute 'getargspec'</msg>
<msg timestamp="20231010 21:04:58.056" level="ERROR">Error in library 'SeleniumLibrary': Adding keyword 'choose_ok_on_next_confirmation' failed: Calling dynamic method 'get_keyword_arguments' failed: AttributeError: module 'inspect' has no attribute 'getargspec'</msg>
<msg timestamp="20231010 21:04:58.057" level="ERROR">Error in library 'SeleniumLibrary': Adding keyword 'clear_element_text' failed: Calling dynamic method 'get_keyword_arguments' failed: AttributeError: module 'inspect' has no attribute 'getargspec'</msg>
<msg timestamp="20231010 21:04:58.058" level="ERROR">Error in library 'SeleniumLibrary': Adding keyword 'click_button' failed: Calling dynamic method 'get_keyword_arguments' failed: AttributeError: module 'inspect' has no attribute 'getargspec'</msg>
<msg timestamp="20231010 21:04:58.060" level="ERROR">Error in library 'SeleniumLibrary': Adding keyword 'click_element' failed: Calling dynamic method 'get_keyword_arguments' failed: AttributeError: module 'inspect' has no attribute 'getargspec'</msg>
<msg timestamp="20231010 21:04:58.061" level="ERROR">Error in library 'SeleniumLibrary': Adding keyword 'click_element_at_coordinates' failed: Calling dynamic method 'get_keyword_arguments' failed: AttributeError: module 'inspect' has no attribute 'getargspec'</msg>
<msg timestamp="20231010 21:04:58.062" level="ERROR">Error in library 'SeleniumLibrary': Adding keyword 'click_image' failed: Calling dynamic method 'get_keyword_arguments' failed: AttributeError: module 'inspect' has no attribute 'getargspec'</msg>
<msg timestamp="20231010 21:04:58.063" level="ERROR">Error in library 'SeleniumLibrary': Adding keyword 'click_link' failed: Calling dynamic method 'get_keyword_arguments' failed: AttributeError: module 'inspect' has no attribute 'getargspec'</msg>
<msg timestamp="20231010 21:04:58.063" level="ERROR">Error in library 'SeleniumLibrary': Adding keyword 'close_all_browsers' failed: Calling dynamic method 'get_keyword_arguments' failed: AttributeError: module 'inspect' has no attribute 'getargspec'</msg>
<msg timestamp="20231010 21:04:58.064" level="ERROR">Error in library 'SeleniumLibrary': Adding keyword 'close_browser' failed: Calling dynamic method 'get_keyword_arguments' failed: AttributeError: module 'inspect' has no attribute 'getargspec'</msg>
<msg timestamp="20231010 21:04:58.065" level="ERROR">Error in library 'SeleniumLibrary': Adding keyword 'close_window' failed: Calling dynamic method 'get_keyword_arguments' failed: AttributeError: module 'inspect' has no attribute 'getargspec'</msg>
<msg timestamp="20231010 21:04:58.065" level="ERROR">Error in library 'SeleniumLibrary': Adding keyword 'confirm_action' failed: Calling dynamic method 'get_keyword_arguments' failed: AttributeError: module 'inspect' has no attribute 'getargspec'</msg>
<msg timestamp="20231010 21:04:58.066" level="ERROR">Error in library 'SeleniumLibrary': Adding keyword 'create_webdriver' failed: Calling dynamic method 'get_keyword_arguments' failed: AttributeError: module 'inspect' has no attribute 'getargspec'</msg>
<msg timestamp="20231010 21:04:58.066" level="ERROR">Error in library 'SeleniumLibrary': Adding keyword 'current_frame_contains' failed: Calling dynamic method 'get_keyword_arguments' failed: AttributeError: module 'inspect' has no attribute 'getargspec'</msg>
<msg timestamp="20231010 21:04:58.067" level="ERROR">Error in library 'SeleniumLibrary': Adding keyword 'current_frame_should_contain' failed: Calling dynamic method 'get_keyword_arguments' failed: AttributeError: module 'inspect' has no attribute 'getargspec'</msg>
<msg timestamp="20231010 21:04:58.067" level="ERROR">Error in library 'SeleniumLibrary': Adding keyword 'current_frame_should_not_contain' failed: Calling dynamic method 'get_keyword_arguments' failed: AttributeError: module 'inspect' has no attribute 'getargspec'</msg>
<msg timestamp="20231010 21:04:58.068" level="ERROR">Error in library 'SeleniumLibrary': Adding keyword 'delete_all_cookies' failed: Calling dynamic method 'get_keyword_arguments' failed: AttributeError: module 'inspect' has no attribute 'getargspec'</msg>
<msg timestamp="20231010 21:04:58.069" level="ERROR">Error in library 'SeleniumLibrary': Adding keyword 'delete_cookie' failed: Calling dynamic method 'get_keyword_arguments' failed: AttributeError: module 'inspect' has no attribute 'getargspec'</msg>
<msg timestamp="20231010 21:04:58.069" level="ERROR">Error in library 'SeleniumLibrary': Adding keyword 'dismiss_alert' failed: Calling dynamic method 'get_keyword_arguments' failed: AttributeError: module 'inspect' has no attribute 'getargspec'</msg>
<msg timestamp="20231010 21:04:58.070" level="ERROR">Error in library 'SeleniumLibrary': Adding keyword 'double_click_element' failed: Calling dynamic method 'get_keyword_arguments' failed: AttributeError: module 'inspect' has no attribute 'getargspec'</msg>
<msg timestamp="20231010 21:04:58.071" level="ERROR">Error in library 'SeleniumLibrary': Adding keyword 'drag_and_drop' failed: Calling dynamic method 'get_keyword_arguments' failed: AttributeError: module 'inspect' has no attribute 'getargspec'</msg>
<msg timestamp="20231010 21:04:58.071" level="ERROR">Error in library 'SeleniumLibrary': Adding keyword 'drag_and_drop_by_offset' failed: Calling dynamic method 'get_keyword_arguments' failed: AttributeError: module 'inspect' has no attribute 'getargspec'</msg>
<msg timestamp="20231010 21:04:58.072" level="ERROR">Error in library 'SeleniumLibrary': Adding keyword 'element_should_be_disabled' failed: Calling dynamic method 'get_keyword_arguments' failed: AttributeError: module 'inspect' has no attribute 'getargspec'</msg>
<msg timestamp="20231010 21:04:58.072" level="ERROR">Error in library 'SeleniumLibrary': Adding keyword 'element_should_be_enabled' failed: Calling dynamic method 'get_keyword_arguments' failed: AttributeError: module 'inspect' has no attribute 'getargspec'</msg>
<msg timestamp="20231010 21:04:58.073" level="ERROR">Error in library 'SeleniumLibrary': Adding keyword 'element_should_be_focused' failed: Calling dynamic method 'get_keyword_arguments' failed: AttributeError: module 'inspect' has no attribute 'getargspec'</msg>
<msg timestamp="20231010 21:04:58.074" level="ERROR">Error in library 'SeleniumLibrary': Adding keyword 'element_should_be_visible' failed: Calling dynamic method 'get_keyword_arguments' failed: AttributeError: module 'inspect' has no attribute 'getargspec'</msg>
<msg timestamp="20231010 21:04:58.076" level="ERROR">Error in library 'SeleniumLibrary': Adding keyword 'element_should_contain' failed: Calling dynamic method 'get_keyword_arguments' failed: AttributeError: module 'inspect' has no attribute 'getargspec'</msg>
<msg timestamp="20231010 21:04:58.078" level="ERROR">Error in library 'SeleniumLibrary': Adding keyword 'element_should_not_be_visible' failed: Calling dynamic method 'get_keyword_arguments' failed: AttributeError: module 'inspect' has no attribute 'getargspec'</msg>
<msg timestamp="20231010 21:04:58.079" level="ERROR">Error in library 'SeleniumLibrary': Adding keyword 'element_should_not_contain' failed: Calling dynamic method 'get_keyword_arguments' failed: AttributeError: module 'inspect' has no attribute 'getargspec'</msg>
<msg timestamp="20231010 21:04:58.081" level="ERROR">Error in library 'SeleniumLibrary': Adding keyword 'element_text_should_be' failed: Calling dynamic method 'get_keyword_arguments' failed: AttributeError: module 'inspect' has no attribute 'getargspec'</msg>
<msg timestamp="20231010 21:04:58.082" level="ERROR">Error in library 'SeleniumLibrary': Adding keyword 'execute_async_javascript' failed: Calling dynamic method 'get_keyword_arguments' failed: AttributeError: module 'inspect' has no attribute 'getargspec'</msg>
<msg timestamp="20231010 21:04:58.083" level="ERROR">Error in library 'SeleniumLibrary': Adding keyword 'execute_javascript' failed: Calling dynamic method 'get_keyword_arguments' failed: AttributeError: module 'inspect' has no attribute 'getargspec'</msg>
<msg timestamp="20231010 21:04:58.084" level="ERROR">Error in library 'SeleniumLibrary': Adding keyword 'focus' failed: Calling dynamic method 'get_keyword_arguments' failed: AttributeError: module 'inspect' has no attribute 'getargspec'</msg>
<msg timestamp="20231010 21:04:58.085" level="ERROR">Error in library 'SeleniumLibrary': Adding keyword 'frame_should_contain' failed: Calling dynamic method 'get_keyword_arguments' failed: AttributeError: module 'inspect' has no attribute 'getargspec'</msg>
<msg timestamp="20231010 21:04:58.086" level="ERROR">Error in library 'SeleniumLibrary': Adding keyword 'get_alert_message' failed: Calling dynamic method 'get_keyword_arguments' failed: AttributeError: module 'inspect' has no attribute 'getargspec'</msg>
<msg timestamp="20231010 21:04:58.087" level="ERROR">Error in library 'SeleniumLibrary': Adding keyword 'get_all_links' failed: Calling dynamic method 'get_keyword_arguments' failed: AttributeError: module 'inspect' has no attribute 'getargspec'</msg>
<msg timestamp="20231010 21:04:58.088" level="ERROR">Error in library 'SeleniumLibrary': Adding keyword 'get_cookie' failed: Calling dynamic method 'get_keyword_arguments' failed: AttributeError: module 'inspect' has no attribute 'getargspec'</msg>
<msg timestamp="20231010 21:04:58.095" level="ERROR">Error in library 'SeleniumLibrary': Adding keyword 'get_cookie_value' failed: Calling dynamic method 'get_keyword_arguments' failed: AttributeError: module 'inspect' has no attribute 'getargspec'</msg>
<msg timestamp="20231010 21:04:58.096" level="ERROR">Error in library 'SeleniumLibrary': Adding keyword 'get_cookies' failed: Calling dynamic method 'get_keyword_arguments' failed: AttributeError: module 'inspect' has no attribute 'getargspec'</msg>
<msg timestamp="20231010 21:04:58.097" level="ERROR">Error in library 'SeleniumLibrary': Adding keyword 'get_element_attribute' failed: Calling dynamic method 'get_keyword_arguments' failed: AttributeError: module 'inspect' has no attribute 'getargspec'</msg>
<msg timestamp="20231010 21:04:58.100" level="ERROR">Error in library 'SeleniumLibrary': Adding keyword 'get_element_count' failed: Calling dynamic method 'get_keyword_arguments' failed: AttributeError: module 'inspect' has no attribute 'getargspec'</msg>
<msg timestamp="20231010 21:04:58.100" level="ERROR">Error in library 'SeleniumLibrary': Adding keyword 'get_element_size' failed: Calling dynamic method 'get_keyword_arguments' failed: AttributeError: module 'inspect' has no attribute 'getargspec'</msg>
<msg timestamp="20231010 21:04:58.102" level="ERROR">Error in library 'SeleniumLibrary': Adding keyword 'get_horizontal_position' failed: Calling dynamic method 'get_keyword_arguments' failed: AttributeError: module 'inspect' has no attribute 'getargspec'</msg>
<msg timestamp="20231010 21:04:58.103" level="ERROR">Error in library 'SeleniumLibrary': Adding keyword 'get_list_items' failed: Calling dynamic method 'get_keyword_arguments' failed: AttributeError: module 'inspect' has no attribute 'getargspec'</msg>
<msg timestamp="20231010 21:04:58.106" level="ERROR">Error in library 'SeleniumLibrary': Adding keyword 'get_location' failed: Calling dynamic method 'get_keyword_arguments' failed: AttributeError: module 'inspect' has no attribute 'getargspec'</msg>
<msg timestamp="20231010 21:04:58.110" level="ERROR">Error in library 'SeleniumLibrary': Adding keyword 'get_locations' failed: Calling dynamic method 'get_keyword_arguments' failed: AttributeError: module 'inspect' has no attribute 'getargspec'</msg>
<msg timestamp="20231010 21:04:58.111" level="ERROR">Error in library 'SeleniumLibrary': Adding keyword 'get_matching_xpath_count' failed: Calling dynamic method 'get_keyword_arguments' failed: AttributeError: module 'inspect' has no attribute 'getargspec'</msg>
<msg timestamp="20231010 21:04:58.112" level="ERROR">Error in library 'SeleniumLibrary': Adding keyword 'get_selected_list_label' failed: Calling dynamic method 'get_keyword_arguments' failed: AttributeError: module 'inspect' has no attribute 'getargspec'</msg>
<msg timestamp="20231010 21:04:58.113" level="ERROR">Error in library 'SeleniumLibrary': Adding keyword 'get_selected_list_labels' failed: Calling dynamic method 'get_keyword_arguments' failed: AttributeError: module 'inspect' has no attribute 'getargspec'</msg>
<msg timestamp="20231010 21:04:58.115" level="ERROR">Error in library 'SeleniumLibrary': Adding keyword 'get_selected_list_value' failed: Calling dynamic method 'get_keyword_arguments' failed: AttributeError: module 'inspect' has no attribute 'getargspec'</msg>
<msg timestamp="20231010 21:04:58.116" level="ERROR">Error in library 'SeleniumLibrary': Adding keyword 'get_selected_list_values' failed: Calling dynamic method 'get_keyword_arguments' failed: AttributeError: module 'inspect' has no attribute 'getargspec'</msg>
<msg timestamp="20231010 21:04:58.117" level="ERROR">Error in library 'SeleniumLibrary': Adding keyword 'get_selenium_implicit_wait' failed: Calling dynamic method 'get_keyword_arguments' failed: AttributeError: module 'inspect' has no attribute 'getargspec'</msg>
<msg timestamp="20231010 21:04:58.119" level="ERROR">Error in library 'SeleniumLibrary': Adding keyword 'get_selenium_speed' failed: Calling dynamic method 'get_keyword_arguments' failed: AttributeError: module 'inspect' has no attribute 'getargspec'</msg>
<msg timestamp="20231010 21:04:58.121" level="ERROR">Error in library 'SeleniumLibrary': Adding keyword 'get_selenium_timeout' failed: Calling dynamic method 'get_keyword_arguments' failed: AttributeError: module 'inspect' has no attribute 'getargspec'</msg>
<msg timestamp="20231010 21:04:58.122" level="ERROR">Error in library 'SeleniumLibrary': Adding keyword 'get_source' failed: Calling dynamic method 'get_keyword_arguments' failed: AttributeError: module 'inspect' has no attribute 'getargspec'</msg>
<msg timestamp="20231010 21:04:58.124" level="ERROR">Error in library 'SeleniumLibrary': Adding keyword 'get_table_cell' failed: Calling dynamic method 'get_keyword_arguments' failed: AttributeError: module 'inspect' has no attribute 'getargspec'</msg>
<msg timestamp="20231010 21:04:58.126" level="ERROR">Error in library 'SeleniumLibrary': Adding keyword 'get_text' failed: Calling dynamic method 'get_keyword_arguments' failed: AttributeError: module 'inspect' has no attribute 'getargspec'</msg>
<msg timestamp="20231010 21:04:58.127" level="ERROR">Error in library 'SeleniumLibrary': Adding keyword 'get_title' failed: Calling dynamic method 'get_keyword_arguments' failed: AttributeError: module 'inspect' has no attribute 'getargspec'</msg>
<msg timestamp="20231010 21:04:58.130" level="ERROR">Error in library 'SeleniumLibrary': Adding keyword 'get_value' failed: Calling dynamic method 'get_keyword_arguments' failed: AttributeError: module 'inspect' has no attribute 'getargspec'</msg>
<msg timestamp="20231010 21:04:58.130" level="ERROR">Error in library 'SeleniumLibrary': Adding keyword 'get_vertical_position' failed: Calling dynamic method 'get_keyword_arguments' failed: AttributeError: module 'inspect' has no attribute 'getargspec'</msg>
<msg timestamp="20231010 21:04:58.131" level="ERROR">Error in library 'SeleniumLibrary': Adding keyword 'get_window_handles' failed: Calling dynamic method 'get_keyword_arguments' failed: AttributeError: module 'inspect' has no attribute 'getargspec'</msg>
<msg timestamp="20231010 21:04:58.132" level="ERROR">Error in library 'SeleniumLibrary': Adding keyword 'get_window_identifiers' failed: Calling dynamic method 'get_keyword_arguments' failed: AttributeError: module 'inspect' has no attribute 'getargspec'</msg>
<msg timestamp="20231010 21:04:58.133" level="ERROR">Error in library 'SeleniumLibrary': Adding keyword 'get_window_names' failed: Calling dynamic method 'get_keyword_arguments' failed: AttributeError: module 'inspect' has no attribute 'getargspec'</msg>
<msg timestamp="20231010 21:04:58.134" level="ERROR">Error in library 'SeleniumLibrary': Adding keyword 'get_window_position' failed: Calling dynamic method 'get_keyword_arguments' failed: AttributeError: module 'inspect' has no attribute 'getargspec'</msg>
<msg timestamp="20231010 21:04:58.136" level="ERROR">Error in library 'SeleniumLibrary': Adding keyword 'get_window_size' failed: Calling dynamic method 'get_keyword_arguments' failed: AttributeError: module 'inspect' has no attribute 'getargspec'</msg>
<msg timestamp="20231010 21:04:58.137" level="ERROR">Error in library 'SeleniumLibrary': Adding keyword 'get_window_titles' failed: Calling dynamic method 'get_keyword_arguments' failed: AttributeError: module 'inspect' has no attribute 'getargspec'</msg>
<msg timestamp="20231010 21:04:58.140" level="ERROR">Error in library 'SeleniumLibrary': Adding keyword 'go_back' failed: Calling dynamic method 'get_keyword_arguments' failed: AttributeError: module 'inspect' has no attribute 'getargspec'</msg>
<msg timestamp="20231010 21:04:58.143" level="ERROR">Error in library 'SeleniumLibrary': Adding keyword 'go_to' failed: Calling dynamic method 'get_keyword_arguments' failed: AttributeError: module 'inspect' has no attribute 'getargspec'</msg>
<msg timestamp="20231010 21:04:58.144" level="ERROR">Error in library 'SeleniumLibrary': Adding keyword 'handle_alert' failed: Calling dynamic method 'get_keyword_arguments' failed: AttributeError: module 'inspect' has no attribute 'getargspec'</msg>
<msg timestamp="20231010 21:04:58.145" level="ERROR">Error in library 'SeleniumLibrary': Adding keyword 'input_password' failed: Calling dynamic method 'get_keyword_arguments' failed: AttributeError: module 'inspect' has no attribute 'getargspec'</msg>
<msg timestamp="20231010 21:04:58.146" level="ERROR">Error in library 'SeleniumLibrary': Adding keyword 'input_text' failed: Calling dynamic method 'get_keyword_arguments' failed: AttributeError: module 'inspect' has no attribute 'getargspec'</msg>
<msg timestamp="20231010 21:04:58.148" level="ERROR">Error in library 'SeleniumLibrary': Adding keyword 'input_text_into_alert' failed: Calling dynamic method 'get_keyword_arguments' failed: AttributeError: module 'inspect' has no attribute 'getargspec'</msg>
<msg timestamp="20231010 21:04:58.150" level="ERROR">Error in library 'SeleniumLibrary': Adding keyword 'input_text_into_prompt' failed: Calling dynamic method 'get_keyword_arguments' failed: AttributeError: module 'inspect' has no attribute 'getargspec'</msg>
<msg timestamp="20231010 21:04:58.152" level="ERROR">Error in library 'SeleniumLibrary': Adding keyword 'list_selection_should_be' failed: Calling dynamic method 'get_keyword_arguments' failed: AttributeError: module 'inspect' has no attribute 'getargspec'</msg>
<msg timestamp="20231010 21:04:58.153" level="ERROR">Error in library 'SeleniumLibrary': Adding keyword 'list_should_have_no_selections' failed: Calling dynamic method 'get_keyword_arguments' failed: AttributeError: module 'inspect' has no attribute 'getargspec'</msg>
<msg timestamp="20231010 21:04:58.154" level="ERROR">Error in library 'SeleniumLibrary': Adding keyword 'list_windows' failed: Calling dynamic method 'get_keyword_arguments' failed: AttributeError: module 'inspect' has no attribute 'getargspec'</msg>
<msg timestamp="20231010 21:04:58.154" level="ERROR">Error in library 'SeleniumLibrary': Adding keyword 'location_should_be' failed: Calling dynamic method 'get_keyword_arguments' failed: AttributeError: module 'inspect' has no attribute 'getargspec'</msg>
<msg timestamp="20231010 21:04:58.155" level="ERROR">Error in library 'SeleniumLibrary': Adding keyword 'location_should_contain' failed: Calling dynamic method 'get_keyword_arguments' failed: AttributeError: module 'inspect' has no attribute 'getargspec'</msg>
<msg timestamp="20231010 21:04:58.156" level="ERROR">Error in library 'SeleniumLibrary': Adding keyword 'locator_should_match_x_times' failed: Calling dynamic method 'get_keyword_arguments' failed: AttributeError: module 'inspect' has no attribute 'getargspec'</msg>
<msg timestamp="20231010 21:04:58.157" level="ERROR">Error in library 'SeleniumLibrary': Adding keyword 'log_location' failed: Calling dynamic method 'get_keyword_arguments' failed: AttributeError: module 'inspect' has no attribute 'getargspec'</msg>
<msg timestamp="20231010 21:04:58.159" level="ERROR">Error in library 'SeleniumLibrary': Adding keyword 'log_source' failed: Calling dynamic method 'get_keyword_arguments' failed: AttributeError: module 'inspect' has no attribute 'getargspec'</msg>
<msg timestamp="20231010 21:04:58.160" level="ERROR">Error in library 'SeleniumLibrary': Adding keyword 'log_title' failed: Calling dynamic method 'get_keyword_arguments' failed: AttributeError: module 'inspect' has no attribute 'getargspec'</msg>
<msg timestamp="20231010 21:04:58.160" level="ERROR">Error in library 'SeleniumLibrary': Adding keyword 'maximize_browser_window' failed: Calling dynamic method 'get_keyword_arguments' failed: AttributeError: module 'inspect' has no attribute 'getargspec'</msg>
<msg timestamp="20231010 21:04:58.161" level="ERROR">Error in library 'SeleniumLibrary': Adding keyword 'mouse_down' failed: Calling dynamic method 'get_keyword_arguments' failed: AttributeError: module 'inspect' has no attribute 'getargspec'</msg>
<msg timestamp="20231010 21:04:58.162" level="ERROR">Error in library 'SeleniumLibrary': Adding keyword 'mouse_down_on_image' failed: Calling dynamic method 'get_keyword_arguments' failed: AttributeError: module 'inspect' has no attribute 'getargspec'</msg>
<msg timestamp="20231010 21:04:58.163" level="ERROR">Error in library 'SeleniumLibrary': Adding keyword 'mouse_down_on_link' failed: Calling dynamic method 'get_keyword_arguments' failed: AttributeError: module 'inspect' has no attribute 'getargspec'</msg>
<msg timestamp="20231010 21:04:58.164" level="ERROR">Error in library 'SeleniumLibrary': Adding keyword 'mouse_out' failed: Calling dynamic method 'get_keyword_arguments' failed: AttributeError: module 'inspect' has no attribute 'getargspec'</msg>
<msg timestamp="20231010 21:04:58.165" level="ERROR">Error in library 'SeleniumLibrary': Adding keyword 'mouse_over' failed: Calling dynamic method 'get_keyword_arguments' failed: AttributeError: module 'inspect' has no attribute 'getargspec'</msg>
<msg timestamp="20231010 21:04:58.166" level="ERROR">Error in library 'SeleniumLibrary': Adding keyword 'mouse_up' failed: Calling dynamic method 'get_keyword_arguments' failed: AttributeError: module 'inspect' has no attribute 'getargspec'</msg>
<msg timestamp="20231010 21:04:58.168" level="ERROR">Error in library 'SeleniumLibrary': Adding keyword 'open_browser' failed: Calling dynamic method 'get_keyword_arguments' failed: AttributeError: module 'inspect' has no attribute 'getargspec'</msg>
<msg timestamp="20231010 21:04:58.171" level="ERROR">Error in library 'SeleniumLibrary': Adding keyword 'open_context_menu' failed: Calling dynamic method 'get_keyword_arguments' failed: AttributeError: module 'inspect' has no attribute 'getargspec'</msg>
<msg timestamp="20231010 21:04:58.172" level="ERROR">Error in library 'SeleniumLibrary': Adding keyword 'page_should_contain' failed: Calling dynamic method 'get_keyword_arguments' failed: AttributeError: module 'inspect' has no attribute 'getargspec'</msg>
<msg timestamp="20231010 21:04:58.172" level="ERROR">Error in library 'SeleniumLibrary': Adding keyword 'page_should_contain_button' failed: Calling dynamic method 'get_keyword_arguments' failed: AttributeError: module 'inspect' has no attribute 'getargspec'</msg>
<msg timestamp="20231010 21:04:58.173" level="ERROR">Error in library 'SeleniumLibrary': Adding keyword 'page_should_contain_checkbox' failed: Calling dynamic method 'get_keyword_arguments' failed: AttributeError: module 'inspect' has no attribute 'getargspec'</msg>
<msg timestamp="20231010 21:04:58.174" level="ERROR">Error in library 'SeleniumLibrary': Adding keyword 'page_should_contain_element' failed: Calling dynamic method 'get_keyword_arguments' failed: AttributeError: module 'inspect' has no attribute 'getargspec'</msg>
<msg timestamp="20231010 21:04:58.175" level="ERROR">Error in library 'SeleniumLibrary': Adding keyword 'page_should_contain_image' failed: Calling dynamic method 'get_keyword_arguments' failed: AttributeError: module 'inspect' has no attribute 'getargspec'</msg>
<msg timestamp="20231010 21:04:58.176" level="ERROR">Error in library 'SeleniumLibrary': Adding keyword 'page_should_contain_link' failed: Calling dynamic method 'get_keyword_arguments' failed: AttributeError: module 'inspect' has no attribute 'getargspec'</msg>
<msg timestamp="20231010 21:04:58.177" level="ERROR">Error in library 'SeleniumLibrary': Adding keyword 'page_should_contain_list' failed: Calling dynamic method 'get_keyword_arguments' failed: AttributeError: module 'inspect' has no attribute 'getargspec'</msg>
<msg timestamp="20231010 21:04:58.178" level="ERROR">Error in library 'SeleniumLibrary': Adding keyword 'page_should_contain_radio_button' failed: Calling dynamic method 'get_keyword_arguments' failed: AttributeError: module 'inspect' has no attribute 'getargspec'</msg>
<msg timestamp="20231010 21:04:58.179" level="ERROR">Error in library 'SeleniumLibrary': Adding keyword 'page_should_contain_textfield' failed: Calling dynamic method 'get_keyword_arguments' failed: AttributeError: module 'inspect' has no attribute 'getargspec'</msg>
<msg timestamp="20231010 21:04:58.180" level="ERROR">Error in library 'SeleniumLibrary': Adding keyword 'page_should_not_contain' failed: Calling dynamic method 'get_keyword_arguments' failed: AttributeError: module 'inspect' has no attribute 'getargspec'</msg>
<msg timestamp="20231010 21:04:58.181" level="ERROR">Error in library 'SeleniumLibrary': Adding keyword 'page_should_not_contain_button' failed: Calling dynamic method 'get_keyword_arguments' failed: AttributeError: module 'inspect' has no attribute 'getargspec'</msg>
<msg timestamp="20231010 21:04:58.183" level="ERROR">Error in library 'SeleniumLibrary': Adding keyword 'page_should_not_contain_checkbox' failed: Calling dynamic method 'get_keyword_arguments' failed: AttributeError: module 'inspect' has no attribute 'getargspec'</msg>
<msg timestamp="20231010 21:04:58.184" level="ERROR">Error in library 'SeleniumLibrary': Adding keyword 'page_should_not_contain_element' failed: Calling dynamic method 'get_keyword_arguments' failed: AttributeError: module 'inspect' has no attribute 'getargspec'</msg>
<msg timestamp="20231010 21:04:58.186" level="ERROR">Error in library 'SeleniumLibrary': Adding keyword 'page_should_not_contain_image' failed: Calling dynamic method 'get_keyword_arguments' failed: AttributeError: module 'inspect' has no attribute 'getargspec'</msg>
<msg timestamp="20231010 21:04:58.186" level="ERROR">Error in library 'SeleniumLibrary': Adding keyword 'page_should_not_contain_link' failed: Calling dynamic method 'get_keyword_arguments' failed: AttributeError: module 'inspect' has no attribute 'getargspec'</msg>
<msg timestamp="20231010 21:04:58.188" level="ERROR">Error in library 'SeleniumLibrary': Adding keyword 'page_should_not_contain_list' failed: Calling dynamic method 'get_keyword_arguments' failed: AttributeError: module 'inspect' has no attribute 'getargspec'</msg>
<msg timestamp="20231010 21:04:58.190" level="ERROR">Error in library 'SeleniumLibrary': Adding keyword 'page_should_not_contain_radio_button' failed: Calling dynamic method 'get_keyword_arguments' failed: AttributeError: module 'inspect' has no attribute 'getargspec'</msg>
<msg timestamp="20231010 21:04:58.190" level="ERROR">Error in library 'SeleniumLibrary': Adding keyword 'page_should_not_contain_textfield' failed: Calling dynamic method 'get_keyword_arguments' failed: AttributeError: module 'inspect' has no attribute 'getargspec'</msg>
<msg timestamp="20231010 21:04:58.191" level="ERROR">Error in library 'SeleniumLibrary': Adding keyword 'press_key' failed: Calling dynamic method 'get_keyword_arguments' failed: AttributeError: module 'inspect' has no attribute 'getargspec'</msg>
<msg timestamp="20231010 21:04:58.193" level="ERROR">Error in library 'SeleniumLibrary': Adding keyword 'radio_button_should_be_set_to' failed: Calling dynamic method 'get_keyword_arguments' failed: AttributeError: module 'inspect' has no attribute 'getargspec'</msg>
<msg timestamp="20231010 21:04:58.194" level="ERROR">Error in library 'SeleniumLibrary': Adding keyword 'radio_button_should_not_be_selected' failed: Calling dynamic method 'get_keyword_arguments' failed: AttributeError: module 'inspect' has no attribute 'getargspec'</msg>
<msg timestamp="20231010 21:04:58.195" level="ERROR">Error in library 'SeleniumLibrary': Adding keyword 'register_keyword_to_run_on_failure' failed: Calling dynamic method 'get_keyword_arguments' failed: AttributeError: module 'inspect' has no attribute 'getargspec'</msg>
<msg timestamp="20231010 21:04:58.195" level="ERROR">Error in library 'SeleniumLibrary': Adding keyword 'reload_page' failed: Calling dynamic method 'get_keyword_arguments' failed: AttributeError: module 'inspect' has no attribute 'getargspec'</msg>
<msg timestamp="20231010 21:04:58.196" level="ERROR">Error in library 'SeleniumLibrary': Adding keyword 'remove_location_strategy' failed: Calling dynamic method 'get_keyword_arguments' failed: AttributeError: module 'inspect' has no attribute 'getargspec'</msg>
<msg timestamp="20231010 21:04:58.197" level="ERROR">Error in library 'SeleniumLibrary': Adding keyword 'select_all_from_list' failed: Calling dynamic method 'get_keyword_arguments' failed: AttributeError: module 'inspect' has no attribute 'getargspec'</msg>
<msg timestamp="20231010 21:04:58.201" level="ERROR">Error in library 'SeleniumLibrary': Adding keyword 'select_checkbox' failed: Calling dynamic method 'get_keyword_arguments' failed: AttributeError: module 'inspect' has no attribute 'getargspec'</msg>
<msg timestamp="20231010 21:04:58.202" level="ERROR">Error in library 'SeleniumLibrary': Adding keyword 'select_frame' failed: Calling dynamic method 'get_keyword_arguments' failed: AttributeError: module 'inspect' has no attribute 'getargspec'</msg>
<msg timestamp="20231010 21:04:58.203" level="ERROR">Error in library 'SeleniumLibrary': Adding keyword 'select_from_list' failed: Calling dynamic method 'get_keyword_arguments' failed: AttributeError: module 'inspect' has no attribute 'getargspec'</msg>
<msg timestamp="20231010 21:04:58.204" level="ERROR">Error in library 'SeleniumLibrary': Adding keyword 'select_from_list_by_index' failed: Calling dynamic method 'get_keyword_arguments' failed: AttributeError: module 'inspect' has no attribute 'getargspec'</msg>
<msg timestamp="20231010 21:04:58.205" level="ERROR">Error in library 'SeleniumLibrary': Adding keyword 'select_from_list_by_label' failed: Calling dynamic method 'get_keyword_arguments' failed: AttributeError: module 'inspect' has no attribute 'getargspec'</msg>
<msg timestamp="20231010 21:04:58.206" level="ERROR">Error in library 'SeleniumLibrary': Adding keyword 'select_from_list_by_value' failed: Calling dynamic method 'get_keyword_arguments' failed: AttributeError: module 'inspect' has no attribute 'getargspec'</msg>
<msg timestamp="20231010 21:04:58.207" level="ERROR">Error in library 'SeleniumLibrary': Adding keyword 'select_radio_button' failed: Calling dynamic method 'get_keyword_arguments' failed: AttributeError: module 'inspect' has no attribute 'getargspec'</msg>
<msg timestamp="20231010 21:04:58.209" level="ERROR">Error in library 'SeleniumLibrary': Adding keyword 'select_window' failed: Calling dynamic method 'get_keyword_arguments' failed: AttributeError: module 'inspect' has no attribute 'getargspec'</msg>
<msg timestamp="20231010 21:04:58.210" level="ERROR">Error in library 'SeleniumLibrary': Adding keyword 'set_browser_implicit_wait' failed: Calling dynamic method 'get_keyword_arguments' failed: AttributeError: module 'inspect' has no attribute 'getargspec'</msg>
<msg timestamp="20231010 21:04:58.211" level="ERROR">Error in library 'SeleniumLibrary': Adding keyword 'set_focus_to_element' failed: Calling dynamic method 'get_keyword_arguments' failed: AttributeError: module 'inspect' has no attribute 'getargspec'</msg>
<msg timestamp="20231010 21:04:58.212" level="ERROR">Error in library 'SeleniumLibrary': Adding keyword 'set_screenshot_directory' failed: Calling dynamic method 'get_keyword_arguments' failed: AttributeError: module 'inspect' has no attribute 'getargspec'</msg>
<msg timestamp="20231010 21:04:58.214" level="ERROR">Error in library 'SeleniumLibrary': Adding keyword 'set_selenium_implicit_wait' failed: Calling dynamic method 'get_keyword_arguments' failed: AttributeError: module 'inspect' has no attribute 'getargspec'</msg>
<msg timestamp="20231010 21:04:58.215" level="ERROR">Error in library 'SeleniumLibrary': Adding keyword 'set_selenium_speed' failed: Calling dynamic method 'get_keyword_arguments' failed: AttributeError: module 'inspect' has no attribute 'getargspec'</msg>
<msg timestamp="20231010 21:04:58.215" level="ERROR">Error in library 'SeleniumLibrary': Adding keyword 'set_selenium_timeout' failed: Calling dynamic method 'get_keyword_arguments' failed: AttributeError: module 'inspect' has no attribute 'getargspec'</msg>
<msg timestamp="20231010 21:04:58.216" level="ERROR">Error in library 'SeleniumLibrary': Adding keyword 'set_window_position' failed: Calling dynamic method 'get_keyword_arguments' failed: AttributeError: module 'inspect' has no attribute 'getargspec'</msg>
<msg timestamp="20231010 21:04:58.217" level="ERROR">Error in library 'SeleniumLibrary': Adding keyword 'set_window_size' failed: Calling dynamic method 'get_keyword_arguments' failed: AttributeError: module 'inspect' has no attribute 'getargspec'</msg>
<msg timestamp="20231010 21:04:58.218" level="ERROR">Error in library 'SeleniumLibrary': Adding keyword 'simulate' failed: Calling dynamic method 'get_keyword_arguments' failed: AttributeError: module 'inspect' has no attribute 'getargspec'</msg>
<msg timestamp="20231010 21:04:58.218" level="ERROR">Error in library 'SeleniumLibrary': Adding keyword 'simulate_event' failed: Calling dynamic method 'get_keyword_arguments' failed: AttributeError: module 'inspect' has no attribute 'getargspec'</msg>
<msg timestamp="20231010 21:04:58.219" level="ERROR">Error in library 'SeleniumLibrary': Adding keyword 'submit_form' failed: Calling dynamic method 'get_keyword_arguments' failed: AttributeError: module 'inspect' has no attribute 'getargspec'</msg>
<msg timestamp="20231010 21:04:58.220" level="ERROR">Error in library 'SeleniumLibrary': Adding keyword 'switch_browser' failed: Calling dynamic method 'get_keyword_arguments' failed: AttributeError: module 'inspect' has no attribute 'getargspec'</msg>
<msg timestamp="20231010 21:04:58.220" level="ERROR">Error in library 'SeleniumLibrary': Adding keyword 'table_cell_should_contain' failed: Calling dynamic method 'get_keyword_arguments' failed: AttributeError: module 'inspect' has no attribute 'getargspec'</msg>
<msg timestamp="20231010 21:04:58.221" level="ERROR">Error in library 'SeleniumLibrary': Adding keyword 'table_column_should_contain' failed: Calling dynamic method 'get_keyword_arguments' failed: AttributeError: module 'inspect' has no attribute 'getargspec'</msg>
<msg timestamp="20231010 21:04:58.222" level="ERROR">Error in library 'SeleniumLibrary': Adding keyword 'table_footer_should_contain' failed: Calling dynamic method 'get_keyword_arguments' failed: AttributeError: module 'inspect' has no attribute 'getargspec'</msg>
<msg timestamp="20231010 21:04:58.222" level="ERROR">Error in library 'SeleniumLibrary': Adding keyword 'table_header_should_contain' failed: Calling dynamic method 'get_keyword_arguments' failed: AttributeError: module 'inspect' has no attribute 'getargspec'</msg>
<msg timestamp="20231010 21:04:58.223" level="ERROR">Error in library 'SeleniumLibrary': Adding keyword 'table_row_should_contain' failed: Calling dynamic method 'get_keyword_arguments' failed: AttributeError: module 'inspect' has no attribute 'getargspec'</msg>
<msg timestamp="20231010 21:04:58.224" level="ERROR">Error in library 'SeleniumLibrary': Adding keyword 'table_should_contain' failed: Calling dynamic method 'get_keyword_arguments' failed: AttributeError: module 'inspect' has no attribute 'getargspec'</msg>
<msg timestamp="20231010 21:04:58.224" level="ERROR">Error in library 'SeleniumLibrary': Adding keyword 'textarea_should_contain' failed: Calling dynamic method 'get_keyword_arguments' failed: AttributeError: module 'inspect' has no attribute 'getargspec'</msg>
<msg timestamp="20231010 21:04:58.225" level="ERROR">Error in library 'SeleniumLibrary': Adding keyword 'textarea_value_should_be' failed: Calling dynamic method 'get_keyword_arguments' failed: AttributeError: module 'inspect' has no attribute 'getargspec'</msg>
<msg timestamp="20231010 21:04:58.226" level="ERROR">Error in library 'SeleniumLibrary': Adding keyword 'textfield_should_contain' failed: Calling dynamic method 'get_keyword_arguments' failed: AttributeError: module 'inspect' has no attribute 'getargspec'</msg>
<msg timestamp="20231010 21:04:58.226" level="ERROR">Error in library 'SeleniumLibrary': Adding keyword 'textfield_value_should_be' failed: Calling dynamic method 'get_keyword_arguments' failed: AttributeError: module 'inspect' has no attribute 'getargspec'</msg>
<msg timestamp="20231010 21:04:58.227" level="ERROR">Error in library 'SeleniumLibrary': Adding keyword 'title_should_be' failed: Calling dynamic method 'get_keyword_arguments' failed: AttributeError: module 'inspect' has no attribute 'getargspec'</msg>
<msg timestamp="20231010 21:04:58.228" level="ERROR">Error in library 'SeleniumLibrary': Adding keyword 'unselect_all_from_list' failed: Calling dynamic method 'get_keyword_arguments' failed: AttributeError: module 'inspect' has no attribute 'getargspec'</msg>
<msg timestamp="20231010 21:04:58.231" level="ERROR">Error in library 'SeleniumLibrary': Adding keyword 'unselect_checkbox' failed: Calling dynamic method 'get_keyword_arguments' failed: AttributeError: module 'inspect' has no attribute 'getargspec'</msg>
<msg timestamp="20231010 21:04:58.234" level="ERROR">Error in library 'SeleniumLibrary': Adding keyword 'unselect_frame' failed: Calling dynamic method 'get_keyword_arguments' failed: AttributeError: module 'inspect' has no attribute 'getargspec'</msg>
<msg timestamp="20231010 21:04:58.235" level="ERROR">Error in library 'SeleniumLibrary': Adding keyword 'unselect_from_list' failed: Calling dynamic method 'get_keyword_arguments' failed: AttributeError: module 'inspect' has no attribute 'getargspec'</msg>
<msg timestamp="20231010 21:04:58.236" level="ERROR">Error in library 'SeleniumLibrary': Adding keyword 'unselect_from_list_by_index' failed: Calling dynamic method 'get_keyword_arguments' failed: AttributeError: module 'inspect' has no attribute 'getargspec'</msg>
<msg timestamp="20231010 21:04:58.238" level="ERROR">Error in library 'SeleniumLibrary': Adding keyword 'unselect_from_list_by_label' failed: Calling dynamic method 'get_keyword_arguments' failed: AttributeError: module 'inspect' has no attribute 'getargspec'</msg>
<msg timestamp="20231010 21:04:58.239" level="ERROR">Error in library 'SeleniumLibrary': Adding keyword 'unselect_from_list_by_value' failed: Calling dynamic method 'get_keyword_arguments' failed: AttributeError: module 'inspect' has no attribute 'getargspec'</msg>
<msg timestamp="20231010 21:04:58.241" level="ERROR">Error in library 'SeleniumLibrary': Adding keyword 'wait_for_condition' failed: Calling dynamic method 'get_keyword_arguments' failed: AttributeError: module 'inspect' has no attribute 'getargspec'</msg>
<msg timestamp="20231010 21:04:58.243" level="ERROR">Error in library 'SeleniumLibrary': Adding keyword 'wait_until_element_contains' failed: Calling dynamic method 'get_keyword_arguments' failed: AttributeError: module 'inspect' has no attribute 'getargspec'</msg>
<msg timestamp="20231010 21:04:58.244" level="ERROR">Error in library 'SeleniumLibrary': Adding keyword 'wait_until_element_does_not_contain' failed: Calling dynamic method 'get_keyword_arguments' failed: AttributeError: module 'inspect' has no attribute 'getargspec'</msg>
<msg timestamp="20231010 21:04:58.245" level="ERROR">Error in library 'SeleniumLibrary': Adding keyword 'wait_until_element_is_enabled' failed: Calling dynamic method 'get_keyword_arguments' failed: AttributeError: module 'inspect' has no attribute 'getargspec'</msg>
<msg timestamp="20231010 21:04:58.245" level="ERROR">Error in library 'SeleniumLibrary': Adding keyword 'wait_until_element_is_not_visible' failed: Calling dynamic method 'get_keyword_arguments' failed: AttributeError: module 'inspect' has no attribute 'getargspec'</msg>
<msg timestamp="20231010 21:04:58.246" level="ERROR">Error in library 'SeleniumLibrary': Adding keyword 'wait_until_element_is_visible' failed: Calling dynamic method 'get_keyword_arguments' failed: AttributeError: module 'inspect' has no attribute 'getargspec'</msg>
<msg timestamp="20231010 21:04:58.247" level="ERROR">Error in library 'SeleniumLibrary': Adding keyword 'wait_until_page_contains' failed: Calling dynamic method 'get_keyword_arguments' failed: AttributeError: module 'inspect' has no attribute 'getargspec'</msg>
<msg timestamp="20231010 21:04:58.248" level="ERROR">Error in library 'SeleniumLibrary': Adding keyword 'wait_until_page_contains_element' failed: Calling dynamic method 'get_keyword_arguments' failed: AttributeError: module 'inspect' has no attribute 'getargspec'</msg>
<msg timestamp="20231010 21:04:58.249" level="ERROR">Error in library 'SeleniumLibrary': Adding keyword 'wait_until_page_does_not_contain' failed: Calling dynamic method 'get_keyword_arguments' failed: AttributeError: module 'inspect' has no attribute 'getargspec'</msg>
<msg timestamp="20231010 21:04:58.249" level="ERROR">Error in library 'SeleniumLibrary': Adding keyword 'wait_until_page_does_not_contain_element' failed: Calling dynamic method 'get_keyword_arguments' failed: AttributeError: module 'inspect' has no attribute 'getargspec'</msg>
<msg timestamp="20231010 21:04:58.250" level="ERROR">Error in library 'SeleniumLibrary': Adding keyword 'xpath_should_match_x_times' failed: Calling dynamic method 'get_keyword_arguments' failed: AttributeError: module 'inspect' has no attribute 'getargspec'</msg>
</errors>
</robot>
